Analysis & Synthesis report for ProjFinal
Wed Jun 16 01:17:11 2021
Quartus Prime Version 17.1.0 Build 590 10/25/2017 SJ Lite Edition


---------------------
; Table of Contents ;
---------------------
  1. Legal Notice
  2. Analysis & Synthesis Summary
  3. Analysis & Synthesis Settings
  4. Parallel Compilation
  5. Analysis & Synthesis Source Files Read
  6. Analysis & Synthesis Resource Usage Summary
  7. Analysis & Synthesis Resource Utilization by Entity
  8. State Machine - |ProjFinal_demo|bin_to_bcd_fsm:bcd_fsm_2|s_state
  9. State Machine - |ProjFinal_demo|bin_to_bcd_fsm:bcd_fsm_1|s_state
 10. State Machine - |ProjFinal_demo|guess_number_sync:main_fsm|s_State
 11. Registers Removed During Synthesis
 12. General Register Statistics
 13. Inverted Register Statistics
 14. Multiplexer Restructuring Statistics (Restructuring Performed)
 15. Parameter Settings for User Entity Instance: DebounceUnit:debounce3
 16. Parameter Settings for User Entity Instance: DebounceUnit:debounce2
 17. Parameter Settings for User Entity Instance: DebounceUnit:debounce1
 18. Parameter Settings for User Entity Instance: DebounceUnit:debounce0
 19. Parameter Settings for User Entity Instance: FreqDiv_Demo:freqdiv1
 20. Parameter Settings for User Entity Instance: FreqDiv_Demo:freqdiv2
 21. Parameter Settings for User Entity Instance: FreqDiv_Demo:freqdiv3
 22. Parameter Settings for User Entity Instance: FreqDiv_Demo:freqdiv4
 23. Parameter Settings for User Entity Instance: pseudo_random_generator:rnd_gen
 24. Port Connectivity Checks: "bin_to_bcd_fsm:bcd_fsm_1"
 25. Port Connectivity Checks: "guess_number_sync:main_fsm"
 26. Post-Synthesis Netlist Statistics for Top Partition
 27. Elapsed Time Per Partition
 28. Analysis & Synthesis Messages



----------------
; Legal Notice ;
----------------
Copyright (C) 2017  Intel Corporation. All rights reserved.
Your use of Intel Corporation's design tools, logic functions 
and other software and tools, and its AMPP partner logic 
functions, and any output files from any of the foregoing 
(including device programming or simulation files), and any 
associated documentation or information are expressly subject 
to the terms and conditions of the Intel Program License 
Subscription Agreement, the Intel Quartus Prime License Agreement,
the Intel FPGA IP License Agreement, or other applicable license
agreement, including, without limitation, that your use is for
the sole purpose of programming logic devices manufactured by
Intel and sold by Intel or its authorized distributors.  Please
refer to the applicable agreement for further details.



+----------------------------------------------------------------------------------+
; Analysis & Synthesis Summary                                                     ;
+------------------------------------+---------------------------------------------+
; Analysis & Synthesis Status        ; Successful - Wed Jun 16 01:17:11 2021       ;
; Quartus Prime Version              ; 17.1.0 Build 590 10/25/2017 SJ Lite Edition ;
; Revision Name                      ; ProjFinal                                   ;
; Top-level Entity Name              ; ProjFinal_demo                              ;
; Family                             ; Cyclone IV E                                ;
; Total logic elements               ; 1,597                                       ;
;     Total combinational functions  ; 1,551                                       ;
;     Dedicated logic registers      ; 955                                         ;
; Total registers                    ; 955                                         ;
; Total pins                         ; 80                                          ;
; Total virtual pins                 ; 0                                           ;
; Total memory bits                  ; 0                                           ;
; Embedded Multiplier 9-bit elements ; 0                                           ;
; Total PLLs                         ; 0                                           ;
+------------------------------------+---------------------------------------------+


+----------------------------------------------------------------------------------------------------------------------+
; Analysis & Synthesis Settings                                                                                        ;
+----------------------------------------------------------------------------+--------------------+--------------------+
; Option                                                                     ; Setting            ; Default Value      ;
+----------------------------------------------------------------------------+--------------------+--------------------+
; Device                                                                     ; EP4CE115F29C7      ;                    ;
; Top-level entity name                                                      ; ProjFinal_demo     ; ProjFinal          ;
; Family name                                                                ; Cyclone IV E       ; Cyclone V          ;
; Use smart compilation                                                      ; Off                ; Off                ;
; Enable parallel Assembler and TimeQuest Timing Analyzer during compilation ; On                 ; On                 ;
; Enable compact report table                                                ; Off                ; Off                ;
; Restructure Multiplexers                                                   ; Auto               ; Auto               ;
; Create Debugging Nodes for IP Cores                                        ; Off                ; Off                ;
; Preserve fewer node names                                                  ; On                 ; On                 ;
; Intel FPGA IP Evaluation Mode                                              ; Enable             ; Enable             ;
; Verilog Version                                                            ; Verilog_2001       ; Verilog_2001       ;
; VHDL Version                                                               ; VHDL_1993          ; VHDL_1993          ;
; State Machine Processing                                                   ; Auto               ; Auto               ;
; Safe State Machine                                                         ; Off                ; Off                ;
; Extract Verilog State Machines                                             ; On                 ; On                 ;
; Extract VHDL State Machines                                                ; On                 ; On                 ;
; Ignore Verilog initial constructs                                          ; Off                ; Off                ;
; Iteration limit for constant Verilog loops                                 ; 5000               ; 5000               ;
; Iteration limit for non-constant Verilog loops                             ; 250                ; 250                ;
; Add Pass-Through Logic to Inferred RAMs                                    ; On                 ; On                 ;
; Infer RAMs from Raw Logic                                                  ; On                 ; On                 ;
; Parallel Synthesis                                                         ; On                 ; On                 ;
; DSP Block Balancing                                                        ; Auto               ; Auto               ;
; NOT Gate Push-Back                                                         ; On                 ; On                 ;
; Power-Up Don't Care                                                        ; On                 ; On                 ;
; Remove Redundant Logic Cells                                               ; Off                ; Off                ;
; Remove Duplicate Registers                                                 ; On                 ; On                 ;
; Ignore CARRY Buffers                                                       ; Off                ; Off                ;
; Ignore CASCADE Buffers                                                     ; Off                ; Off                ;
; Ignore GLOBAL Buffers                                                      ; Off                ; Off                ;
; Ignore ROW GLOBAL Buffers                                                  ; Off                ; Off                ;
; Ignore LCELL Buffers                                                       ; Off                ; Off                ;
; Ignore SOFT Buffers                                                        ; On                 ; On                 ;
; Limit AHDL Integers to 32 Bits                                             ; Off                ; Off                ;
; Optimization Technique                                                     ; Balanced           ; Balanced           ;
; Carry Chain Length                                                         ; 70                 ; 70                 ;
; Auto Carry Chains                                                          ; On                 ; On                 ;
; Auto Open-Drain Pins                                                       ; On                 ; On                 ;
; Perform WYSIWYG Primitive Resynthesis                                      ; Off                ; Off                ;
; Auto ROM Replacement                                                       ; On                 ; On                 ;
; Auto RAM Replacement                                                       ; On                 ; On                 ;
; Auto DSP Block Replacement                                                 ; On                 ; On                 ;
; Auto Shift Register Replacement                                            ; Auto               ; Auto               ;
; Allow Shift Register Merging across Hierarchies                            ; Auto               ; Auto               ;
; Auto Clock Enable Replacement                                              ; On                 ; On                 ;
; Strict RAM Replacement                                                     ; Off                ; Off                ;
; Allow Synchronous Control Signals                                          ; On                 ; On                 ;
; Force Use of Synchronous Clear Signals                                     ; Off                ; Off                ;
; Auto RAM Block Balancing                                                   ; On                 ; On                 ;
; Auto RAM to Logic Cell Conversion                                          ; Off                ; Off                ;
; Auto Resource Sharing                                                      ; Off                ; Off                ;
; Allow Any RAM Size For Recognition                                         ; Off                ; Off                ;
; Allow Any ROM Size For Recognition                                         ; Off                ; Off                ;
; Allow Any Shift Register Size For Recognition                              ; Off                ; Off                ;
; Use LogicLock Constraints during Resource Balancing                        ; On                 ; On                 ;
; Ignore translate_off and synthesis_off directives                          ; Off                ; Off                ;
; Timing-Driven Synthesis                                                    ; On                 ; On                 ;
; Report Parameter Settings                                                  ; On                 ; On                 ;
; Report Source Assignments                                                  ; On                 ; On                 ;
; Report Connectivity Checks                                                 ; On                 ; On                 ;
; Ignore Maximum Fan-Out Assignments                                         ; Off                ; Off                ;
; Synchronization Register Chain Length                                      ; 2                  ; 2                  ;
; Power Optimization During Synthesis                                        ; Normal compilation ; Normal compilation ;
; HDL message level                                                          ; Level2             ; Level2             ;
; Suppress Register Optimization Related Messages                            ; Off                ; Off                ;
; Number of Removed Registers Reported in Synthesis Report                   ; 5000               ; 5000               ;
; Number of Swept Nodes Reported in Synthesis Report                         ; 5000               ; 5000               ;
; Number of Inverted Registers Reported in Synthesis Report                  ; 100                ; 100                ;
; Clock MUX Protection                                                       ; On                 ; On                 ;
; Auto Gated Clock Conversion                                                ; Off                ; Off                ;
; Block Design Naming                                                        ; Auto               ; Auto               ;
; SDC constraint protection                                                  ; Off                ; Off                ;
; Synthesis Effort                                                           ; Auto               ; Auto               ;
; Shift Register Replacement - Allow Asynchronous Clear Signal               ; On                 ; On                 ;
; Pre-Mapping Resynthesis Optimization                                       ; Off                ; Off                ;
; Analysis & Synthesis Message Level                                         ; Medium             ; Medium             ;
; Disable Register Merging Across Hierarchies                                ; Auto               ; Auto               ;
; Resource Aware Inference For Block RAM                                     ; On                 ; On                 ;
+----------------------------------------------------------------------------+--------------------+--------------------+


+------------------------------------------+
; Parallel Compilation                     ;
+----------------------------+-------------+
; Processors                 ; Number      ;
+----------------------------+-------------+
; Number detected on machine ; 8           ;
; Maximum allowed            ; 4           ;
;                            ;             ;
; Average used               ; 1.00        ;
; Maximum used               ; 4           ;
;                            ;             ;
; Usage by Processor         ; % Time Used ;
;     Processor 1            ; 100.0%      ;
;     Processor 2            ;   0.1%      ;
;     Processor 3            ;   0.0%      ;
;     Processor 4            ;   0.0%      ;
+----------------------------+-------------+


+-----------------------------------------------------------------------------------------------------------------------------------------------+
; Analysis & Synthesis Source Files Read                                                                                                        ;
+----------------------------------+-----------------+-----------------+--------------------------------------------------------------+---------+
; File Name with User-Entered Path ; Used in Netlist ; File Type       ; File Name with Absolute Path                                 ; Library ;
+----------------------------------+-----------------+-----------------+--------------------------------------------------------------+---------+
; pseudo_random_generator.vhd      ; yes             ; User VHDL File  ; D:/lsdalone/LSD_PJ/PROJETO_FINAL/pseudo_random_generator.vhd ;         ;
; FreqDiv_Demo.vhd                 ; yes             ; User VHDL File  ; D:/lsdalone/LSD_PJ/PROJETO_FINAL/FreqDiv_Demo.vhd            ;         ;
; DebounceUnit.vhd                 ; yes             ; User VHDL File  ; D:/lsdalone/LSD_PJ/PROJETO_FINAL/DebounceUnit.vhd            ;         ;
; bin_to_bcd_fsm.vhd               ; yes             ; User VHDL File  ; D:/lsdalone/LSD_PJ/PROJETO_FINAL/bin_to_bcd_fsm.vhd          ;         ;
; display_selector.vhd             ; yes             ; User VHDL File  ; D:/lsdalone/LSD_PJ/PROJETO_FINAL/display_selector.vhd        ;         ;
; Bin7SegDecoder.vhd               ; yes             ; User VHDL File  ; D:/lsdalone/LSD_PJ/PROJETO_FINAL/Bin7SegDecoder.vhd          ;         ;
; ProjFinal_demo.vhd               ; yes             ; User VHDL File  ; D:/lsdalone/LSD_PJ/PROJETO_FINAL/ProjFinal_demo.vhd          ;         ;
; guess_number_sync.vhd            ; yes             ; User VHDL File  ; D:/lsdalone/LSD_PJ/PROJETO_FINAL/guess_number_sync.vhd       ;         ;
+----------------------------------+-----------------+-----------------+--------------------------------------------------------------+---------+


+--------------------------------------------------------------+
; Analysis & Synthesis Resource Usage Summary                  ;
+---------------------------------------------+----------------+
; Resource                                    ; Usage          ;
+---------------------------------------------+----------------+
; Estimated Total logic elements              ; 1,597          ;
;                                             ;                ;
; Total combinational functions               ; 1551           ;
; Logic element usage by number of LUT inputs ;                ;
;     -- 4 input functions                    ; 766            ;
;     -- 3 input functions                    ; 166            ;
;     -- <=2 input functions                  ; 619            ;
;                                             ;                ;
; Logic elements by mode                      ;                ;
;     -- normal mode                          ; 1073           ;
;     -- arithmetic mode                      ; 478            ;
;                                             ;                ;
; Total registers                             ; 955            ;
;     -- Dedicated logic registers            ; 955            ;
;     -- I/O registers                        ; 0              ;
;                                             ;                ;
; I/O pins                                    ; 80             ;
;                                             ;                ;
; Embedded Multiplier 9-bit elements          ; 0              ;
;                                             ;                ;
; Maximum fan-out node                        ; CLOCK_50~input ;
; Maximum fan-out                             ; 955            ;
; Total fan-out                               ; 7647           ;
; Average fan-out                             ; 2.87           ;
+---------------------------------------------+----------------+


+------------------------------------------------------------------------------------------------------------------------------------------------------------------------------------------------------------------------------------------------------------+
; Analysis & Synthesis Resource Utilization by Entity                                                                                                                                                                                                        ;
+--------------------------------------+---------------------+---------------------------+-------------+--------------+---------+-----------+------+--------------+-------------------------------------------------+-------------------------+--------------+
; Compilation Hierarchy Node           ; Combinational ALUTs ; Dedicated Logic Registers ; Memory Bits ; DSP Elements ; DSP 9x9 ; DSP 18x18 ; Pins ; Virtual Pins ; Full Hierarchy Name                             ; Entity Name             ; Library Name ;
+--------------------------------------+---------------------+---------------------------+-------------+--------------+---------+-----------+------+--------------+-------------------------------------------------+-------------------------+--------------+
; |ProjFinal_demo                      ; 1551 (0)            ; 955 (1)                   ; 0           ; 0            ; 0       ; 0         ; 80   ; 0            ; |ProjFinal_demo                                 ; ProjFinal_demo          ; work         ;
;    |Bin7SegDecoder:num_fsm|          ; 17 (17)             ; 0 (0)                     ; 0           ; 0            ; 0       ; 0         ; 0    ; 0            ; |ProjFinal_demo|Bin7SegDecoder:num_fsm          ; Bin7SegDecoder          ; work         ;
;    |DebounceUnit:debounce0|          ; 67 (67)             ; 26 (26)                   ; 0           ; 0            ; 0       ; 0         ; 0    ; 0            ; |ProjFinal_demo|DebounceUnit:debounce0          ; DebounceUnit            ; work         ;
;    |DebounceUnit:debounce1|          ; 67 (67)             ; 26 (26)                   ; 0           ; 0            ; 0       ; 0         ; 0    ; 0            ; |ProjFinal_demo|DebounceUnit:debounce1          ; DebounceUnit            ; work         ;
;    |DebounceUnit:debounce2|          ; 67 (67)             ; 26 (26)                   ; 0           ; 0            ; 0       ; 0         ; 0    ; 0            ; |ProjFinal_demo|DebounceUnit:debounce2          ; DebounceUnit            ; work         ;
;    |DebounceUnit:debounce3|          ; 67 (67)             ; 26 (26)                   ; 0           ; 0            ; 0       ; 0         ; 0    ; 0            ; |ProjFinal_demo|DebounceUnit:debounce3          ; DebounceUnit            ; work         ;
;    |FreqDiv_Demo:freqdiv1|           ; 59 (59)             ; 32 (32)                   ; 0           ; 0            ; 0       ; 0         ; 0    ; 0            ; |ProjFinal_demo|FreqDiv_Demo:freqdiv1           ; FreqDiv_Demo            ; work         ;
;    |FreqDiv_Demo:freqdiv2|           ; 59 (59)             ; 32 (32)                   ; 0           ; 0            ; 0       ; 0         ; 0    ; 0            ; |ProjFinal_demo|FreqDiv_Demo:freqdiv2           ; FreqDiv_Demo            ; work         ;
;    |FreqDiv_Demo:freqdiv3|           ; 59 (59)             ; 32 (32)                   ; 0           ; 0            ; 0       ; 0         ; 0    ; 0            ; |ProjFinal_demo|FreqDiv_Demo:freqdiv3           ; FreqDiv_Demo            ; work         ;
;    |FreqDiv_Demo:freqdiv4|           ; 59 (59)             ; 32 (32)                   ; 0           ; 0            ; 0       ; 0         ; 0    ; 0            ; |ProjFinal_demo|FreqDiv_Demo:freqdiv4           ; FreqDiv_Demo            ; work         ;
;    |bin_to_bcd_fsm:bcd_fsm_1|        ; 49 (49)             ; 27 (27)                   ; 0           ; 0            ; 0       ; 0         ; 0    ; 0            ; |ProjFinal_demo|bin_to_bcd_fsm:bcd_fsm_1        ; bin_to_bcd_fsm          ; work         ;
;    |bin_to_bcd_fsm:bcd_fsm_2|        ; 55 (55)             ; 35 (35)                   ; 0           ; 0            ; 0       ; 0         ; 0    ; 0            ; |ProjFinal_demo|bin_to_bcd_fsm:bcd_fsm_2        ; bin_to_bcd_fsm          ; work         ;
;    |display_selector:display_fsm|    ; 97 (97)             ; 0 (0)                     ; 0           ; 0            ; 0       ; 0         ; 0    ; 0            ; |ProjFinal_demo|display_selector:display_fsm    ; display_selector        ; work         ;
;    |guess_number_sync:main_fsm|      ; 347 (347)           ; 193 (193)                 ; 0           ; 0            ; 0       ; 0         ; 0    ; 0            ; |ProjFinal_demo|guess_number_sync:main_fsm      ; guess_number_sync       ; work         ;
;    |pseudo_random_generator:rnd_gen| ; 482 (482)           ; 467 (467)                 ; 0           ; 0            ; 0       ; 0         ; 0    ; 0            ; |ProjFinal_demo|pseudo_random_generator:rnd_gen ; pseudo_random_generator ; work         ;
+--------------------------------------+---------------------+---------------------------+-------------+--------------+---------+-----------+------+--------------+-------------------------------------------------+-------------------------+--------------+
Note: For table entries with two numbers listed, the numbers in parentheses indicate the number of resources of the given type used by the specific entity alone. The numbers listed outside of parentheses indicate the total resources of the given type used by the specific entity and all of its sub-entities in the hierarchy.


Encoding Type:  One-Hot
+---------------------------------------------------------------------------------+
; State Machine - |ProjFinal_demo|bin_to_bcd_fsm:bcd_fsm_2|s_state                ;
+----------------+----------------+---------------+----------------+--------------+
; Name           ; s_state.finish ; s_state.sub10 ; s_state.sub100 ; s_state.idle ;
+----------------+----------------+---------------+----------------+--------------+
; s_state.idle   ; 0              ; 0             ; 0              ; 0            ;
; s_state.sub100 ; 0              ; 0             ; 1              ; 1            ;
; s_state.sub10  ; 0              ; 1             ; 0              ; 1            ;
; s_state.finish ; 1              ; 0             ; 0              ; 1            ;
+----------------+----------------+---------------+----------------+--------------+


Encoding Type:  One-Hot
+---------------------------------------------------------------------------------+
; State Machine - |ProjFinal_demo|bin_to_bcd_fsm:bcd_fsm_1|s_state                ;
+----------------+----------------+---------------+----------------+--------------+
; Name           ; s_state.finish ; s_state.sub10 ; s_state.sub100 ; s_state.idle ;
+----------------+----------------+---------------+----------------+--------------+
; s_state.idle   ; 0              ; 0             ; 0              ; 0            ;
; s_state.sub100 ; 0              ; 0             ; 1              ; 1            ;
; s_state.sub10  ; 0              ; 1             ; 0              ; 1            ;
; s_state.finish ; 1              ; 0             ; 0              ; 1            ;
+----------------+----------------+---------------+----------------+--------------+


Encoding Type:  One-Hot
+------------------------------------------------------------------------------------------------------------------------------------------------------------------------------+
; State Machine - |ProjFinal_demo|guess_number_sync:main_fsm|s_State                                                                                                           ;
+------------------+-----------------+-------------+----------------+------------+------------+--------------+------------------+--------------+---------------+---------------+
; Name             ; s_State.cheater ; s_State.win ; s_State.equals ; s_State.lo ; s_State.hi ; s_State.done ; s_State.calc_mid ; s_State.calc ; s_State.grupo ; s_State.start ;
+------------------+-----------------+-------------+----------------+------------+------------+--------------+------------------+--------------+---------------+---------------+
; s_State.start    ; 0               ; 0           ; 0              ; 0          ; 0          ; 0            ; 0                ; 0            ; 0             ; 0             ;
; s_State.grupo    ; 0               ; 0           ; 0              ; 0          ; 0          ; 0            ; 0                ; 0            ; 1             ; 1             ;
; s_State.calc     ; 0               ; 0           ; 0              ; 0          ; 0          ; 0            ; 0                ; 1            ; 0             ; 1             ;
; s_State.calc_mid ; 0               ; 0           ; 0              ; 0          ; 0          ; 0            ; 1                ; 0            ; 0             ; 1             ;
; s_State.done     ; 0               ; 0           ; 0              ; 0          ; 0          ; 1            ; 0                ; 0            ; 0             ; 1             ;
; s_State.hi       ; 0               ; 0           ; 0              ; 0          ; 1          ; 0            ; 0                ; 0            ; 0             ; 1             ;
; s_State.lo       ; 0               ; 0           ; 0              ; 1          ; 0          ; 0            ; 0                ; 0            ; 0             ; 1             ;
; s_State.equals   ; 0               ; 0           ; 1              ; 0          ; 0          ; 0            ; 0                ; 0            ; 0             ; 1             ;
; s_State.win      ; 0               ; 1           ; 0              ; 0          ; 0          ; 0            ; 0                ; 0            ; 0             ; 1             ;
; s_State.cheater  ; 1               ; 0           ; 0              ; 0          ; 0          ; 0            ; 0                ; 0            ; 0             ; 1             ;
+------------------+-----------------+-------------+----------------+------------+------------+--------------+------------------+--------------+---------------+---------------+


+---------------------------------------------------------------------+
; Registers Removed During Synthesis                                  ;
+------------------------------------------------+--------------------+
; Register name                                  ; Reason for Removal ;
+------------------------------------------------+--------------------+
; guess_number_sync:main_fsm|attempt_var[10..31] ; Lost fanout        ;
; Total Number of Removed Registers = 22         ;                    ;
+------------------------------------------------+--------------------+


+------------------------------------------------------+
; General Register Statistics                          ;
+----------------------------------------------+-------+
; Statistic                                    ; Value ;
+----------------------------------------------+-------+
; Total registers                              ; 955   ;
; Number of registers using Synchronous Clear  ; 18    ;
; Number of registers using Synchronous Load   ; 16    ;
; Number of registers using Asynchronous Clear ; 0     ;
; Number of registers using Asynchronous Load  ; 0     ;
; Number of registers using Clock Enable       ; 768   ;
; Number of registers using Preset             ; 0     ;
+----------------------------------------------+-------+


+--------------------------------------------------------+
; Inverted Register Statistics                           ;
+----------------------------------------------+---------+
; Inverted Register                            ; Fan out ;
+----------------------------------------------+---------+
; pseudo_random_generator:rnd_gen|state_10[2]  ; 1       ;
; pseudo_random_generator:rnd_gen|state_10[5]  ; 1       ;
; pseudo_random_generator:rnd_gen|state_10[16] ; 1       ;
; pseudo_random_generator:rnd_gen|state_09[37] ; 4       ;
; pseudo_random_generator:rnd_gen|state_09[45] ; 4       ;
; guess_number_sync:main_fsm|hi_var[9]         ; 2       ;
; guess_number_sync:main_fsm|hi_var[8]         ; 2       ;
; guess_number_sync:main_fsm|hi_var[7]         ; 2       ;
; guess_number_sync:main_fsm|hi_var[6]         ; 2       ;
; guess_number_sync:main_fsm|hi_var[5]         ; 2       ;
; guess_number_sync:main_fsm|hi_var[2]         ; 2       ;
; guess_number_sync:main_fsm|hi_var[1]         ; 2       ;
; guess_number_sync:main_fsm|hi_var[0]         ; 2       ;
; pseudo_random_generator:rnd_gen|state_08[18] ; 2       ;
; pseudo_random_generator:rnd_gen|state_08[45] ; 2       ;
; pseudo_random_generator:rnd_gen|state_08[5]  ; 3       ;
; pseudo_random_generator:rnd_gen|state_08[32] ; 3       ;
; pseudo_random_generator:rnd_gen|state_08[37] ; 1       ;
; pseudo_random_generator:rnd_gen|state_08[16] ; 2       ;
; guess_number_sync:main_fsm|mid_var[31]       ; 2       ;
; guess_number_sync:main_fsm|mid_var[0]        ; 3       ;
; pseudo_random_generator:rnd_gen|state_07[16] ; 4       ;
; pseudo_random_generator:rnd_gen|state_07[45] ; 4       ;
; pseudo_random_generator:rnd_gen|state_07[37] ; 4       ;
; pseudo_random_generator:rnd_gen|state_07[5]  ; 3       ;
; pseudo_random_generator:rnd_gen|state_07[32] ; 4       ;
; pseudo_random_generator:rnd_gen|state_07[18] ; 4       ;
; pseudo_random_generator:rnd_gen|state_07[2]  ; 4       ;
; pseudo_random_generator:rnd_gen|state_06[32] ; 4       ;
; pseudo_random_generator:rnd_gen|state_06[18] ; 4       ;
; pseudo_random_generator:rnd_gen|state_06[5]  ; 4       ;
; pseudo_random_generator:rnd_gen|state_06[45] ; 4       ;
; pseudo_random_generator:rnd_gen|state_06[2]  ; 4       ;
; pseudo_random_generator:rnd_gen|state_06[37] ; 4       ;
; pseudo_random_generator:rnd_gen|state_06[16] ; 4       ;
; pseudo_random_generator:rnd_gen|state_05[2]  ; 4       ;
; pseudo_random_generator:rnd_gen|state_05[37] ; 4       ;
; pseudo_random_generator:rnd_gen|state_05[18] ; 4       ;
; pseudo_random_generator:rnd_gen|state_05[45] ; 4       ;
; pseudo_random_generator:rnd_gen|state_05[16] ; 4       ;
; pseudo_random_generator:rnd_gen|state_05[5]  ; 4       ;
; pseudo_random_generator:rnd_gen|state_05[32] ; 4       ;
; pseudo_random_generator:rnd_gen|state_04[2]  ; 4       ;
; pseudo_random_generator:rnd_gen|state_04[16] ; 4       ;
; pseudo_random_generator:rnd_gen|state_04[18] ; 4       ;
; pseudo_random_generator:rnd_gen|state_04[5]  ; 4       ;
; pseudo_random_generator:rnd_gen|state_04[45] ; 4       ;
; pseudo_random_generator:rnd_gen|state_04[37] ; 4       ;
; pseudo_random_generator:rnd_gen|state_04[32] ; 4       ;
; pseudo_random_generator:rnd_gen|state_03[32] ; 4       ;
; pseudo_random_generator:rnd_gen|state_03[16] ; 4       ;
; pseudo_random_generator:rnd_gen|state_03[5]  ; 4       ;
; pseudo_random_generator:rnd_gen|state_03[18] ; 4       ;
; pseudo_random_generator:rnd_gen|state_03[2]  ; 4       ;
; pseudo_random_generator:rnd_gen|state_03[37] ; 4       ;
; pseudo_random_generator:rnd_gen|state_03[45] ; 4       ;
; pseudo_random_generator:rnd_gen|state_02[32] ; 4       ;
; pseudo_random_generator:rnd_gen|state_02[16] ; 4       ;
; pseudo_random_generator:rnd_gen|state_02[5]  ; 4       ;
; pseudo_random_generator:rnd_gen|state_02[2]  ; 4       ;
; pseudo_random_generator:rnd_gen|state_02[18] ; 4       ;
; pseudo_random_generator:rnd_gen|state_02[37] ; 4       ;
; pseudo_random_generator:rnd_gen|state_02[45] ; 4       ;
; pseudo_random_generator:rnd_gen|state_01[5]  ; 4       ;
; pseudo_random_generator:rnd_gen|state_01[45] ; 4       ;
; pseudo_random_generator:rnd_gen|state_01[18] ; 4       ;
; pseudo_random_generator:rnd_gen|state_01[2]  ; 4       ;
; pseudo_random_generator:rnd_gen|state_01[32] ; 4       ;
; pseudo_random_generator:rnd_gen|state_01[16] ; 4       ;
; pseudo_random_generator:rnd_gen|state_01[37] ; 4       ;
; pseudo_random_generator:rnd_gen|state_00[45] ; 5       ;
; pseudo_random_generator:rnd_gen|state_00[16] ; 6       ;
; pseudo_random_generator:rnd_gen|state_00[18] ; 6       ;
; pseudo_random_generator:rnd_gen|state_00[37] ; 5       ;
; pseudo_random_generator:rnd_gen|state_00[32] ; 5       ;
; pseudo_random_generator:rnd_gen|state_00[2]  ; 6       ;
; pseudo_random_generator:rnd_gen|state_00[5]  ; 6       ;
; Total number of inverted registers = 77      ;         ;
+----------------------------------------------+---------+


+--------------------------------------------------------------------------------------------------------------------------------------------------------------------------+
; Multiplexer Restructuring Statistics (Restructuring Performed)                                                                                                           ;
+--------------------+-----------+---------------+----------------------+------------------------+------------+------------------------------------------------------------+
; Multiplexer Inputs ; Bus Width ; Baseline Area ; Area if Restructured ; Saving if Restructured ; Registered ; Example Multiplexer Output                                 ;
+--------------------+-----------+---------------+----------------------+------------------------+------------+------------------------------------------------------------+
; 5:1                ; 23 bits   ; 69 LEs        ; 46 LEs               ; 23 LEs                 ; Yes        ; |ProjFinal_demo|DebounceUnit:debounce1|s_debounceCnt[7]    ;
; 5:1                ; 23 bits   ; 69 LEs        ; 46 LEs               ; 23 LEs                 ; Yes        ; |ProjFinal_demo|DebounceUnit:debounce2|s_debounceCnt[22]   ;
; 5:1                ; 23 bits   ; 69 LEs        ; 46 LEs               ; 23 LEs                 ; Yes        ; |ProjFinal_demo|DebounceUnit:debounce0|s_debounceCnt[0]    ;
; 5:1                ; 23 bits   ; 69 LEs        ; 46 LEs               ; 23 LEs                 ; Yes        ; |ProjFinal_demo|DebounceUnit:debounce3|s_debounceCnt[21]   ;
; 4:1                ; 32 bits   ; 64 LEs        ; 32 LEs               ; 32 LEs                 ; Yes        ; |ProjFinal_demo|guess_number_sync:main_fsm|attempt_var[31] ;
; 5:1                ; 4 bits    ; 12 LEs        ; 4 LEs                ; 8 LEs                  ; Yes        ; |ProjFinal_demo|bin_to_bcd_fsm:bcd_fsm_2|cem[1]            ;
; 5:1                ; 4 bits    ; 12 LEs        ; 4 LEs                ; 8 LEs                  ; Yes        ; |ProjFinal_demo|bin_to_bcd_fsm:bcd_fsm_2|dez[0]            ;
; 5:1                ; 4 bits    ; 12 LEs        ; 4 LEs                ; 8 LEs                  ; Yes        ; |ProjFinal_demo|bin_to_bcd_fsm:bcd_fsm_1|dez[1]            ;
; 7:1                ; 8 bits    ; 32 LEs        ; 16 LEs               ; 16 LEs                 ; Yes        ; |ProjFinal_demo|bin_to_bcd_fsm:bcd_fsm_2|input[6]          ;
; 7:1                ; 8 bits    ; 32 LEs        ; 16 LEs               ; 16 LEs                 ; Yes        ; |ProjFinal_demo|bin_to_bcd_fsm:bcd_fsm_1|input[7]          ;
; 4:1                ; 8 bits    ; 16 LEs        ; 8 LEs                ; 8 LEs                  ; Yes        ; |ProjFinal_demo|guess_number_sync:main_fsm|hi_var[0]       ;
; 3:1                ; 2 bits    ; 4 LEs         ; 4 LEs                ; 0 LEs                  ; No         ; |ProjFinal_demo|display_selector:display_fsm|bin3[1]       ;
; 3:1                ; 2 bits    ; 4 LEs         ; 4 LEs                ; 0 LEs                  ; No         ; |ProjFinal_demo|display_selector:display_fsm|bin4[4]       ;
; 3:1                ; 2 bits    ; 4 LEs         ; 4 LEs                ; 0 LEs                  ; No         ; |ProjFinal_demo|display_selector:display_fsm|bin3          ;
; 4:1                ; 2 bits    ; 4 LEs         ; 4 LEs                ; 0 LEs                  ; No         ; |ProjFinal_demo|display_selector:display_fsm|bin4[2]       ;
; 17:1               ; 2 bits    ; 22 LEs        ; 12 LEs               ; 10 LEs                 ; No         ; |ProjFinal_demo|display_selector:display_fsm|bin7          ;
; 5:1                ; 5 bits    ; 15 LEs        ; 15 LEs               ; 0 LEs                  ; No         ; |ProjFinal_demo|display_selector:display_fsm|bin5[0]       ;
; 6:1                ; 2 bits    ; 8 LEs         ; 8 LEs                ; 0 LEs                  ; No         ; |ProjFinal_demo|display_selector:display_fsm|bin7          ;
; 6:1                ; 2 bits    ; 8 LEs         ; 8 LEs                ; 0 LEs                  ; No         ; |ProjFinal_demo|display_selector:display_fsm|bin2          ;
; 7:1                ; 4 bits    ; 16 LEs        ; 12 LEs               ; 4 LEs                  ; No         ; |ProjFinal_demo|bin_to_bcd_fsm:bcd_fsm_2|Selector0         ;
; 7:1                ; 4 bits    ; 16 LEs        ; 12 LEs               ; 4 LEs                  ; No         ; |ProjFinal_demo|bin_to_bcd_fsm:bcd_fsm_1|Selector1         ;
; 9:1                ; 2 bits    ; 12 LEs        ; 12 LEs               ; 0 LEs                  ; No         ; |ProjFinal_demo|display_selector:display_fsm|bin6[5]       ;
; 9:1                ; 2 bits    ; 12 LEs        ; 12 LEs               ; 0 LEs                  ; No         ; |ProjFinal_demo|display_selector:display_fsm|bin0[3]       ;
+--------------------+-----------+---------------+----------------------+------------------------+------------+------------------------------------------------------------+


+---------------------------------------------------------------------+
; Parameter Settings for User Entity Instance: DebounceUnit:debounce3 ;
+----------------+-------+--------------------------------------------+
; Parameter Name ; Value ; Type                                       ;
+----------------+-------+--------------------------------------------+
; khzclkfreq     ; 50000 ; Signed Integer                             ;
; msecmininwidth ; 100   ; Signed Integer                             ;
; inpolarity     ; '0'   ; Enumerated                                 ;
; outpolarity    ; '1'   ; Enumerated                                 ;
+----------------+-------+--------------------------------------------+
Note: In order to hide this table in the UI and the text report file, please set the "Show Parameter Settings in Synthesis Report" option in "Analysis and Synthesis Settings -> More Settings" to "Off".


+---------------------------------------------------------------------+
; Parameter Settings for User Entity Instance: DebounceUnit:debounce2 ;
+----------------+-------+--------------------------------------------+
; Parameter Name ; Value ; Type                                       ;
+----------------+-------+--------------------------------------------+
; khzclkfreq     ; 50000 ; Signed Integer                             ;
; msecmininwidth ; 100   ; Signed Integer                             ;
; inpolarity     ; '0'   ; Enumerated                                 ;
; outpolarity    ; '1'   ; Enumerated                                 ;
+----------------+-------+--------------------------------------------+
Note: In order to hide this table in the UI and the text report file, please set the "Show Parameter Settings in Synthesis Report" option in "Analysis and Synthesis Settings -> More Settings" to "Off".


+---------------------------------------------------------------------+
; Parameter Settings for User Entity Instance: DebounceUnit:debounce1 ;
+----------------+-------+--------------------------------------------+
; Parameter Name ; Value ; Type                                       ;
+----------------+-------+--------------------------------------------+
; khzclkfreq     ; 50000 ; Signed Integer                             ;
; msecmininwidth ; 100   ; Signed Integer                             ;
; inpolarity     ; '0'   ; Enumerated                                 ;
; outpolarity    ; '1'   ; Enumerated                                 ;
+----------------+-------+--------------------------------------------+
Note: In order to hide this table in the UI and the text report file, please set the "Show Parameter Settings in Synthesis Report" option in "Analysis and Synthesis Settings -> More Settings" to "Off".


+---------------------------------------------------------------------+
; Parameter Settings for User Entity Instance: DebounceUnit:debounce0 ;
+----------------+-------+--------------------------------------------+
; Parameter Name ; Value ; Type                                       ;
+----------------+-------+--------------------------------------------+
; khzclkfreq     ; 50000 ; Signed Integer                             ;
; msecmininwidth ; 100   ; Signed Integer                             ;
; inpolarity     ; '0'   ; Enumerated                                 ;
; outpolarity    ; '1'   ; Enumerated                                 ;
+----------------+-------+--------------------------------------------+
Note: In order to hide this table in the UI and the text report file, please set the "Show Parameter Settings in Synthesis Report" option in "Analysis and Synthesis Settings -> More Settings" to "Off".


+--------------------------------------------------------------------+
; Parameter Settings for User Entity Instance: FreqDiv_Demo:freqdiv1 ;
+----------------+----------+----------------------------------------+
; Parameter Name ; Value    ; Type                                   ;
+----------------+----------+----------------------------------------+
; k              ; 50000000 ; Signed Integer                         ;
+----------------+----------+----------------------------------------+
Note: In order to hide this table in the UI and the text report file, please set the "Show Parameter Settings in Synthesis Report" option in "Analysis and Synthesis Settings -> More Settings" to "Off".


+--------------------------------------------------------------------+
; Parameter Settings for User Entity Instance: FreqDiv_Demo:freqdiv2 ;
+----------------+----------+----------------------------------------+
; Parameter Name ; Value    ; Type                                   ;
+----------------+----------+----------------------------------------+
; k              ; 25000000 ; Signed Integer                         ;
+----------------+----------+----------------------------------------+
Note: In order to hide this table in the UI and the text report file, please set the "Show Parameter Settings in Synthesis Report" option in "Analysis and Synthesis Settings -> More Settings" to "Off".


+--------------------------------------------------------------------+
; Parameter Settings for User Entity Instance: FreqDiv_Demo:freqdiv3 ;
+----------------+----------+----------------------------------------+
; Parameter Name ; Value    ; Type                                   ;
+----------------+----------+----------------------------------------+
; k              ; 12500000 ; Signed Integer                         ;
+----------------+----------+----------------------------------------+
Note: In order to hide this table in the UI and the text report file, please set the "Show Parameter Settings in Synthesis Report" option in "Analysis and Synthesis Settings -> More Settings" to "Off".


+--------------------------------------------------------------------+
; Parameter Settings for User Entity Instance: FreqDiv_Demo:freqdiv4 ;
+----------------+---------+-----------------------------------------+
; Parameter Name ; Value   ; Type                                    ;
+----------------+---------+-----------------------------------------+
; k              ; 6250000 ; Signed Integer                          ;
+----------------+---------+-----------------------------------------+
Note: In order to hide this table in the UI and the text report file, please set the "Show Parameter Settings in Synthesis Report" option in "Analysis and Synthesis Settings -> More Settings" to "Off".


+-------------------------------------------------------------------------------------+
; Parameter Settings for User Entity Instance: pseudo_random_generator:rnd_gen        ;
+----------------+--------------------------------------------------+-----------------+
; Parameter Name ; Value                                            ; Type            ;
+----------------+--------------------------------------------------+-----------------+
; n_bits         ; 18                                               ; Signed Integer  ;
; seed           ; 001000000010000100000000000001010000000000100100 ; Unsigned Binary ;
+----------------+--------------------------------------------------+-----------------+
Note: In order to hide this table in the UI and the text report file, please set the "Show Parameter Settings in Synthesis Report" option in "Analysis and Synthesis Settings -> More Settings" to "Off".


+------------------------------------------------------------------------------------------------------------------+
; Port Connectivity Checks: "bin_to_bcd_fsm:bcd_fsm_1"                                                             ;
+--------+--------+----------+-------------------------------------------------------------------------------------+
; Port   ; Type   ; Severity ; Details                                                                             ;
+--------+--------+----------+-------------------------------------------------------------------------------------+
; digit2 ; Output ; Info     ; Connected to dangling logic. Logic that only feeds a dangling port will be removed. ;
+--------+--------+----------+-------------------------------------------------------------------------------------+


+----------------------------------------------------------------------------------------------------------------+
; Port Connectivity Checks: "guess_number_sync:main_fsm"                                                         ;
+------+--------+----------+-------------------------------------------------------------------------------------+
; Port ; Type   ; Severity ; Details                                                                             ;
+------+--------+----------+-------------------------------------------------------------------------------------+
; ledg ; Output ; Info     ; Connected to dangling logic. Logic that only feeds a dangling port will be removed. ;
+------+--------+----------+-------------------------------------------------------------------------------------+


+-----------------------------------------------------+
; Post-Synthesis Netlist Statistics for Top Partition ;
+-----------------------+-----------------------------+
; Type                  ; Count                       ;
+-----------------------+-----------------------------+
; boundary_port         ; 80                          ;
; cycloneiii_ff         ; 955                         ;
;     ENA               ; 742                         ;
;     ENA SCLR          ; 10                          ;
;     ENA SLD           ; 16                          ;
;     SCLR              ; 8                           ;
;     plain             ; 179                         ;
; cycloneiii_lcell_comb ; 1553                        ;
;     arith             ; 478                         ;
;         2 data inputs ; 412                         ;
;         3 data inputs ; 66                          ;
;     normal            ; 1075                        ;
;         1 data inputs ; 37                          ;
;         2 data inputs ; 172                         ;
;         3 data inputs ; 100                         ;
;         4 data inputs ; 766                         ;
;                       ;                             ;
; Max LUT depth         ; 9.30                        ;
; Average LUT depth     ; 3.31                        ;
+-----------------------+-----------------------------+


+-------------------------------+
; Elapsed Time Per Partition    ;
+----------------+--------------+
; Partition Name ; Elapsed Time ;
+----------------+--------------+
; Top            ; 00:00:02     ;
+----------------+--------------+


+-------------------------------+
; Analysis & Synthesis Messages ;
+-------------------------------+
Info: *******************************************************************
Info: Running Quartus Prime Analysis & Synthesis
    Info: Version 17.1.0 Build 590 10/25/2017 SJ Lite Edition
    Info: Processing started: Wed Jun 16 01:16:56 2021
Info: Command: quartus_map --read_settings_files=on --write_settings_files=off ProjFinal -c ProjFinal
Warning (18236): Number of processors has not been specified which may cause overloading on shared machines.  Set the global assignment NUM_PARALLEL_PROCESSORS in your QSF to an appropriate value for best performance.
Info (20030): Parallel compilation is enabled and will use 4 of the 4 processors detected
Info (12021): Found 3 design units, including 1 entities, in source file pseudo_random_generator.vhd
    Info (12022): Found design unit 1: pseudo_random_generator-heavy File: D:/lsdalone/LSD_PJ/PROJETO_FINAL/pseudo_random_generator.vhd Line: 40
    Info (12022): Found design unit 2: pseudo_random_generator-light File: D:/lsdalone/LSD_PJ/PROJETO_FINAL/pseudo_random_generator.vhd Line: 1304
    Info (12023): Found entity 1: pseudo_random_generator File: D:/lsdalone/LSD_PJ/PROJETO_FINAL/pseudo_random_generator.vhd Line: 23
Info (12021): Found 2 design units, including 1 entities, in source file freqdiv_demo.vhd
    Info (12022): Found design unit 1: FreqDiv_Demo-v5 File: D:/lsdalone/LSD_PJ/PROJETO_FINAL/FreqDiv_Demo.vhd Line: 11
    Info (12023): Found entity 1: FreqDiv_Demo File: D:/lsdalone/LSD_PJ/PROJETO_FINAL/FreqDiv_Demo.vhd Line: 5
Info (12021): Found 2 design units, including 1 entities, in source file debounceunit.vhd
    Info (12022): Found design unit 1: DebounceUnit-v6 File: D:/lsdalone/LSD_PJ/PROJETO_FINAL/DebounceUnit.vhd Line: 15
    Info (12023): Found entity 1: DebounceUnit File: D:/lsdalone/LSD_PJ/PROJETO_FINAL/DebounceUnit.vhd Line: 5
Info (12021): Found 2 design units, including 1 entities, in source file bin_to_bcd_fsm.vhd
    Info (12022): Found design unit 1: bin_to_bcd_fsm-v2 File: D:/lsdalone/LSD_PJ/PROJETO_FINAL/bin_to_bcd_fsm.vhd Line: 16
    Info (12023): Found entity 1: bin_to_bcd_fsm File: D:/lsdalone/LSD_PJ/PROJETO_FINAL/bin_to_bcd_fsm.vhd Line: 5
Info (12021): Found 2 design units, including 1 entities, in source file display_selector.vhd
    Info (12022): Found design unit 1: display_selector-v3 File: D:/lsdalone/LSD_PJ/PROJETO_FINAL/display_selector.vhd Line: 23
    Info (12023): Found entity 1: display_selector File: D:/lsdalone/LSD_PJ/PROJETO_FINAL/display_selector.vhd Line: 5
Info (12021): Found 2 design units, including 1 entities, in source file bin7segdecoder.vhd
    Info (12022): Found design unit 1: Bin7SegDecoder-v4 File: D:/lsdalone/LSD_PJ/PROJETO_FINAL/Bin7SegDecoder.vhd Line: 17
    Info (12023): Found entity 1: Bin7SegDecoder File: D:/lsdalone/LSD_PJ/PROJETO_FINAL/Bin7SegDecoder.vhd Line: 4
Info (12021): Found 2 design units, including 1 entities, in source file projfinal_demo.vhd
    Info (12022): Found design unit 1: ProjFinal_demo-Shell File: D:/lsdalone/LSD_PJ/PROJETO_FINAL/ProjFinal_demo.vhd Line: 20
    Info (12023): Found entity 1: ProjFinal_demo File: D:/lsdalone/LSD_PJ/PROJETO_FINAL/ProjFinal_demo.vhd Line: 4
Info (12021): Found 2 design units, including 1 entities, in source file guess_number_sync.vhd
    Info (12022): Found design unit 1: guess_number_sync-v1 File: D:/lsdalone/LSD_PJ/PROJETO_FINAL/guess_number_sync.vhd Line: 26
    Info (12023): Found entity 1: guess_number_sync File: D:/lsdalone/LSD_PJ/PROJETO_FINAL/guess_number_sync.vhd Line: 5
Info (12127): Elaborating entity "ProjFinal_demo" for the top level hierarchy
Info (12129): Elaborating entity "guess_number_sync" using architecture "A:v1" for hierarchy "guess_number_sync:main_fsm" File: D:/lsdalone/LSD_PJ/PROJETO_FINAL/ProjFinal_demo.vhd Line: 45
Info (12129): Elaborating entity "DebounceUnit" using architecture "A:v6" for hierarchy "DebounceUnit:debounce3" File: D:/lsdalone/LSD_PJ/PROJETO_FINAL/ProjFinal_demo.vhd Line: 67
Info (12129): Elaborating entity "bin_to_bcd_fsm" using architecture "A:v2" for hierarchy "bin_to_bcd_fsm:bcd_fsm_1" File: D:/lsdalone/LSD_PJ/PROJETO_FINAL/ProjFinal_demo.vhd Line: 104
Info (12129): Elaborating entity "display_selector" using architecture "A:v3" for hierarchy "display_selector:display_fsm" File: D:/lsdalone/LSD_PJ/PROJETO_FINAL/ProjFinal_demo.vhd Line: 121
Warning (10492): VHDL Process Statement warning at display_selector.vhd(27): signal "in_enable" is read inside the Process Statement but isn't in the Process Statement's sensitivity list File: D:/lsdalone/LSD_PJ/PROJETO_FINAL/display_selector.vhd Line: 27
Warning (10492): VHDL Process Statement warning at display_selector.vhd(47): signal "d7" is read inside the Process Statement but isn't in the Process Statement's sensitivity list File: D:/lsdalone/LSD_PJ/PROJETO_FINAL/display_selector.vhd Line: 47
Warning (10492): VHDL Process Statement warning at display_selector.vhd(48): signal "d6" is read inside the Process Statement but isn't in the Process Statement's sensitivity list File: D:/lsdalone/LSD_PJ/PROJETO_FINAL/display_selector.vhd Line: 48
Warning (10492): VHDL Process Statement warning at display_selector.vhd(52): signal "d2" is read inside the Process Statement but isn't in the Process Statement's sensitivity list File: D:/lsdalone/LSD_PJ/PROJETO_FINAL/display_selector.vhd Line: 52
Warning (10492): VHDL Process Statement warning at display_selector.vhd(53): signal "d1" is read inside the Process Statement but isn't in the Process Statement's sensitivity list File: D:/lsdalone/LSD_PJ/PROJETO_FINAL/display_selector.vhd Line: 53
Warning (10492): VHDL Process Statement warning at display_selector.vhd(54): signal "d0" is read inside the Process Statement but isn't in the Process Statement's sensitivity list File: D:/lsdalone/LSD_PJ/PROJETO_FINAL/display_selector.vhd Line: 54
Warning (10492): VHDL Process Statement warning at display_selector.vhd(56): signal "d7" is read inside the Process Statement but isn't in the Process Statement's sensitivity list File: D:/lsdalone/LSD_PJ/PROJETO_FINAL/display_selector.vhd Line: 56
Warning (10492): VHDL Process Statement warning at display_selector.vhd(57): signal "d6" is read inside the Process Statement but isn't in the Process Statement's sensitivity list File: D:/lsdalone/LSD_PJ/PROJETO_FINAL/display_selector.vhd Line: 57
Warning (10492): VHDL Process Statement warning at display_selector.vhd(61): signal "d2" is read inside the Process Statement but isn't in the Process Statement's sensitivity list File: D:/lsdalone/LSD_PJ/PROJETO_FINAL/display_selector.vhd Line: 61
Warning (10492): VHDL Process Statement warning at display_selector.vhd(62): signal "d1" is read inside the Process Statement but isn't in the Process Statement's sensitivity list File: D:/lsdalone/LSD_PJ/PROJETO_FINAL/display_selector.vhd Line: 62
Warning (10492): VHDL Process Statement warning at display_selector.vhd(63): signal "d0" is read inside the Process Statement but isn't in the Process Statement's sensitivity list File: D:/lsdalone/LSD_PJ/PROJETO_FINAL/display_selector.vhd Line: 63
Warning (10492): VHDL Process Statement warning at display_selector.vhd(65): signal "d7" is read inside the Process Statement but isn't in the Process Statement's sensitivity list File: D:/lsdalone/LSD_PJ/PROJETO_FINAL/display_selector.vhd Line: 65
Warning (10492): VHDL Process Statement warning at display_selector.vhd(66): signal "d6" is read inside the Process Statement but isn't in the Process Statement's sensitivity list File: D:/lsdalone/LSD_PJ/PROJETO_FINAL/display_selector.vhd Line: 66
Warning (10492): VHDL Process Statement warning at display_selector.vhd(70): signal "d2" is read inside the Process Statement but isn't in the Process Statement's sensitivity list File: D:/lsdalone/LSD_PJ/PROJETO_FINAL/display_selector.vhd Line: 70
Warning (10492): VHDL Process Statement warning at display_selector.vhd(71): signal "d1" is read inside the Process Statement but isn't in the Process Statement's sensitivity list File: D:/lsdalone/LSD_PJ/PROJETO_FINAL/display_selector.vhd Line: 71
Warning (10492): VHDL Process Statement warning at display_selector.vhd(72): signal "d0" is read inside the Process Statement but isn't in the Process Statement's sensitivity list File: D:/lsdalone/LSD_PJ/PROJETO_FINAL/display_selector.vhd Line: 72
Info (12129): Elaborating entity "Bin7SegDecoder" using architecture "A:v4" for hierarchy "Bin7SegDecoder:num_fsm" File: D:/lsdalone/LSD_PJ/PROJETO_FINAL/ProjFinal_demo.vhd Line: 138
Info (12129): Elaborating entity "FreqDiv_Demo" using architecture "A:v5" for hierarchy "FreqDiv_Demo:freqdiv1" File: D:/lsdalone/LSD_PJ/PROJETO_FINAL/ProjFinal_demo.vhd Line: 152
Info (12129): Elaborating entity "FreqDiv_Demo" using architecture "A:v5" for hierarchy "FreqDiv_Demo:freqdiv2" File: D:/lsdalone/LSD_PJ/PROJETO_FINAL/ProjFinal_demo.vhd Line: 157
Info (12129): Elaborating entity "FreqDiv_Demo" using architecture "A:v5" for hierarchy "FreqDiv_Demo:freqdiv3" File: D:/lsdalone/LSD_PJ/PROJETO_FINAL/ProjFinal_demo.vhd Line: 162
Info (12129): Elaborating entity "FreqDiv_Demo" using architecture "A:v5" for hierarchy "FreqDiv_Demo:freqdiv4" File: D:/lsdalone/LSD_PJ/PROJETO_FINAL/ProjFinal_demo.vhd Line: 167
Info (12129): Elaborating entity "pseudo_random_generator" using architecture "A:heavy" for hierarchy "pseudo_random_generator:rnd_gen" File: D:/lsdalone/LSD_PJ/PROJETO_FINAL/ProjFinal_demo.vhd Line: 172
Info (286030): Timing-Driven Synthesis is running
Info (17049): 22 registers lost all their fanouts during netlist optimizations.
Info (16010): Generating hard_block partition "hard_block:auto_generated_inst"
    Info (16011): Adding 0 node(s), including 0 DDIO, 0 PLL, 0 transceiver and 0 LCELL
Info (21057): Implemented 1679 device resources after synthesis - the final resource count might be different
    Info (21058): Implemented 6 input pins
    Info (21059): Implemented 74 output pins
    Info (21061): Implemented 1599 logic cells
Info: Quartus Prime Analysis & Synthesis was successful. 0 errors, 17 warnings
    Info: Peak virtual memory: 4797 megabytes
    Info: Processing ended: Wed Jun 16 01:17:11 2021
    Info: Elapsed time: 00:00:15
    Info: Total CPU time (on all processors): 00:00:32


